irun(64): 13.20-s034: (c) Copyright 1995-2015 Cadence Design Systems, Inc.
TOOL:	irun(64)	13.20-s034: Started on Apr 27, 2017 at 17:29:37 CDT
irun
	-top top
	-svseed random
	+UVM_TESTNAME=simultaneous_brdcst_req_test
	-input source_regress.tcl
	-l log/irun2.log
	-uvm
	-sv
	-access +rwc
	-uvmhome /usr/local/packages/cadence_2015/incisiv13.2/tools/uvm
	-incdir /home/ecelrc/students/krai/kamayni_files_new/src/rtl
	-incdir /home/ecelrc/students/krai/kamayni_files_new/src/tb
	-incdir /home/ecelrc/students/krai/kamayni_files_new/src/tb/uvm_tb
	-incdir /home/ecelrc/students/krai/kamayni_files_new/src/tb/uvm_tb/master_uvc
	-incdir /home/ecelrc/students/krai/kamayni_files_new/src/tb/uvm_tb/tests
	-cflags "-I/home/ecelrc/students/krai/kamayni_files_new/src/rtl -I/home/ecelrc/students/krai/kamayni_files_new/src/tb"
	-coverage functional
	-covdut top
	-covoverwrite
	/home/ecelrc/students/krai/kamayni_files_new/src/rtl/mesi_isc.v
	/home/ecelrc/students/krai/kamayni_files_new/src/rtl/mesi_isc_broad.v
	/home/ecelrc/students/krai/kamayni_files_new/src/rtl/mesi_isc_broad_cntl.v
	/home/ecelrc/students/krai/kamayni_files_new/src/rtl//mesi_isc_breq_fifos_cntl.v
	/home/ecelrc/students/krai/kamayni_files_new/src/rtl/mesi_isc_breq_fifos.v
	/home/ecelrc/students/krai/kamayni_files_new/src/rtl/mesi_isc_basic_fifo.v
	/home/ecelrc/students/krai/kamayni_files_new/src/tb/uvm_tb/master_uvc/master_uvc.sv
	/home/ecelrc/students/krai/kamayni_files_new/src/tb/uvm_tb/top.sv
	/home/ecelrc/students/krai/kamayni_files_new/src/tb/mesi_isc_assertion.v
	-covtest mycov_func26.cov
SOFTINCLUDE $SYSTEM_CDS_LIB_DIR/cds.lib
|
irun: *W,DLCVAR (/usr/local/packages/ncsu-cdk-1-6-0-beta/cdssetup/cds.lib,1): cds.lib Invalid environment variable ''.
SOFTINCLUDE $SYSTEM_CDS_LIB_DIR/cds.lib
|
irun: *W,DLCVAR (/usr/local/packages/ncsu-cdk-1-6-0-beta/cdssetup/cds.lib,1): cds.lib Invalid environment variable ''.
irun: *W,UVMDEP: The value of -uvmhome contained a path to an deprecated uvm install location. Now using the default home location.
SOFTINCLUDE $SYSTEM_CDS_LIB_DIR/cds.lib
|
irun: *W,DLCVAR (/usr/local/packages/ncsu-cdk-1-6-0-beta/cdssetup/cds.lib,1): cds.lib Invalid environment variable ''.
SOFTINCLUDE $SYSTEM_CDS_LIB_DIR/cds.lib
|
irun: *W,DLCVAR (/usr/local/packages/ncsu-cdk-1-6-0-beta/cdssetup/cds.lib,1): cds.lib Invalid environment variable ''.
SOFTINCLUDE $SYSTEM_CDS_LIB_DIR/cds.lib
|
irun: *W,DLCVAR (/usr/local/packages/ncsu-cdk-1-6-0-beta/cdssetup/cds.lib,1): cds.lib Invalid environment variable ''.
SOFTINCLUDE $SYSTEM_CDS_LIB_DIR/cds.lib
|
irun: *W,DLCVAR (/usr/local/packages/ncsu-cdk-1-6-0-beta/cdssetup/cds.lib,1): cds.lib Invalid environment variable ''.
SOFTINCLUDE $SYSTEM_CDS_LIB_DIR/cds.lib
|
ncsim: *W,DLCVAR (/usr/local/packages/ncsu-cdk-1-6-0-beta/cdssetup/cds.lib,1): cds.lib Invalid environment variable ''.
Loading snapshot worklib.top:sv .................... Done
SVSEED set randomly from command line: -1961985886
ncsim> source /usr/local/packages/cadence_2015/incisiv13.2/tools/inca/files/ncsimrc
ncsim> source /usr/local/packages/cadence_2015/incisiv13.2/tools/methodology/UVM/CDNS-1.1d/additions/sv/files/tcl/uvm_sim.tcl
ncsim> run
----------------------------------------------------------------
CDNS-UVM-1.1d (13.20-s034)
(C) 2007-2013 Mentor Graphics Corporation
(C) 2007-2013 Cadence Design Systems, Inc.
(C) 2006-2013 Synopsys, Inc.
(C) 2011-2013 Cypress Semiconductor Corp.
----------------------------------------------------------------

  ***********       IMPORTANT RELEASE NOTES         ************

  You are using a version of the UVM library that has been compiled
  with `UVM_NO_DEPRECATED undefined.
  See http://www.eda.org/svdb/view.php?id=3313 for more details.

  You are using a version of the UVM library that has been compiled
  with `UVM_OBJECT_MUST_HAVE_CONSTRUCTOR undefined.
  See http://www.eda.org/svdb/view.php?id=3770 for more details.

      (Specify +UVM_NO_RELNOTES to turn off this notice)

UVM_INFO @ 0: reporter [RNTST] Running test simultaneous_brdcst_req_test...
connect_phase: connection made
read_broadcast_seq: Inside body, before start_item
test run_phase: read_seq start
master_driver: before seq_item_port.get_next_item
master_driver: before seq_item_port.get_next_item
master_driver: before seq_item_port.get_next_item
master_driver: before seq_item_port.get_next_item
read_broadcast_seq: Inside body, before start_item
master_driver: after seq_item_port.get_next_item
master_driver: Entered read_mem, tr.mbus_cmd = ,100
master_driver: Waiting for mbus_ack
master_driver: after seq_item_port.get_next_item
master_driver: Entered read_mem, tr.mbus_cmd = ,100
master_driver: Waiting for mbus_ack
master_driver: Received mbus_ack
master_driver: Received mbus_ack
master_driver: After alppying NOP, waiting for read_en from controller
master_driver: After alppying NOP, waiting for read_en from controller
cbus_ack3_latch set
cbus_ack1_latch set
cbus_ack2_latch set
cbus_ack0_latch set
read_broadcast_seq: Inside body, after finish_item
master_driver: before seq_item_port.get_next_item
cbus_ack0_latch set
cbus_ack3_latch set
cbus_ack2_latch set
cbus_ack1_latch set
read_broadcast_seq: Inside body, after finish_item
UVM_INFO /usr/local/packages/cadence_2015/incisiv13.2/tools/methodology/UVM/CDNS-1.1d/sv/src/base/uvm_objection.svh(1268) @ 2850000: reporter [TEST_DONE] 'run' phase is ready to proceed to the 'extract' phase

--- UVM Report catcher Summary ---


Number of demoted UVM_FATAL reports  :    0
Number of demoted UVM_ERROR reports  :    0
Number of demoted UVM_WARNING reports:    0
Number of caught UVM_FATAL reports   :    0
Number of caught UVM_ERROR reports   :    0
Number of caught UVM_WARNING reports :    0

--- UVM Report Summary ---

** Report counts by severity
UVM_INFO :    2
UVM_WARNING :    0
UVM_ERROR :    0
UVM_FATAL :    0
** Report counts by id
[RNTST]     1
[TEST_DONE]     1
Simulation complete via $finish(1) at time 2850 NS + 51
/usr/local/packages/cadence_2015/incisiv13.2/tools/methodology/UVM/CDNS-1.1d/sv/src/base/uvm_root.svh:457     $finish;
ncsim> exit
ncsim: *W,COVOPM: Coverage configuration file command "set_covergroup -optimize_model" can be specified to improve the performance and scalability of coverage model containing SV covergroups. It may be noted that subsequent merging of a coverage database saved with this command and a coverage database saved without this command is not allowed.
ncsim: *W,CGPIZE: Instance coverage for covergroup instance "mesi_cg" will not be dumped to database as per_instance option value is set to 0:../src/tb/uvm_tb/mesi_isc_subscriber.sv, 300.
ncsim: *W,CGPIZE: Instance coverage for covergroup instance "mesi_cg" will not be dumped to database as per_instance option value is set to 0:../src/tb/uvm_tb/mesi_isc_subscriber.sv, 300.

coverage setup:
  workdir  :  ./cov_work
  dutinst  :  top(top)
  scope    :  scope
  testname :  mycov_func26.cov

coverage files:
  model(design data) :  ./cov_work/scope/icc_00000000_47810285.ucm (reused)
  data               :  ./cov_work/scope/mycov_func26.cov/icc_00000000_47810285.ucd
TOOL:	irun(64)	13.20-s034: Exiting on Apr 27, 2017 at 17:29:38 CDT  (total: 00:00:01)
